<?xml version="1.0" encoding="UTF-8"?>
<testsuite xmlns:xsi="http://www.w3.org/2001/XMLSchema-instance" xsi:noNamespaceSchemaLocation="https://maven.apache.org/surefire/maven-surefire-plugin/xsd/surefire-test-report.xsd" name="com.mycompany.myapp.jarmodule.CoreTest" time="0.125" tests="2" errors="0" skipped="0" failures="0">
  <properties>
    <property name="sun.desktop" value="windows"/>
    <property name="awt.toolkit" value="sun.awt.windows.WToolkit"/>
    <property name="file.encoding.pkg" value="sun.io"/>
    <property name="java.specification.version" value="1.8"/>
    <property name="sun.cpu.isalist" value="amd64"/>
    <property name="sun.jnu.encoding" value="Cp1252"/>
    <property name="java.class.path" value="C:\VOLVO\GMD &amp; GWYN\Practise\MAVEN\multi-module\my-app\my-jar-module\target\test-classes;C:\VOLVO\GMD &amp; GWYN\Practise\MAVEN\multi-module\my-app\my-jar-module\target\classes;C:\Users\A240327\.m2\repository\joda-time\joda-time\2.9.9\joda-time-2.9.9.jar;C:\Users\A240327\.m2\repository\junit\junit\4.0\junit-4.0.jar;C:\Users\A240327\.m2\repository\org\jboss\spec\javax\xml\bind\jboss-jaxb-api_2.2_spec\1.0.4.Final\jboss-jaxb-api_2.2_spec-1.0.4.Final.jar;C:\Users\A240327\.m2\repository\org\jboss\spec\javax\servlet\jboss-servlet-api_3.0_spec\1.0.2.Final\jboss-servlet-api_3.0_spec-1.0.2.Final.jar;C:\Users\A240327\.m2\repository\org\jboss\spec\javax\servlet\jsp\jboss-jsp-api_2.2_spec\1.0.1.Final\jboss-jsp-api_2.2_spec-1.0.1.Final.jar;C:\Users\A240327\.m2\repository\org\jboss\spec\javax\el\jboss-el-api_2.2_spec\1.0.1.Final\jboss-el-api_2.2_spec-1.0.1.Final.jar;C:\Users\A240327\.m2\repository\org\jboss\spec\javax\annotation\jboss-annotations-api_1.1_spec\1.0.1.Final\jboss-annotations-api_1.1_spec-1.0.1.Final.jar;C:\Users\A240327\.m2\repository\org\jboss\spec\javax\ejb\jboss-ejb-api_3.1_spec\1.0.2.Final\jboss-ejb-api_3.1_spec-1.0.2.Final.jar;C:\Users\A240327\.m2\repository\org\apache\geronimo\specs\geronimo-jpa_2.0_spec\1.0\geronimo-jpa_2.0_spec-1.0.jar;C:\Users\A240327\.m2\repository\org\jboss\spec\javax\transaction\jboss-transaction-api_1.1_spec\1.0.1.Final\jboss-transaction-api_1.1_spec-1.0.1.Final.jar;C:\Users\A240327\.m2\repository\org\jboss\spec\javax\jms\jboss-jms-api_1.1_spec\1.0.1.Final\jboss-jms-api_1.1_spec-1.0.1.Final.jar;C:\Users\A240327\.m2\repository\org\jboss\spec\javax\xml\rpc\jboss-jaxrpc-api_1.1_spec\1.0.1.Final\jboss-jaxrpc-api_1.1_spec-1.0.1.Final.jar;C:\Users\A240327\.m2\repository\javax\activation\activation\1.1.1\activation-1.1.1.jar;C:\Users\A240327\.m2\repository\javax\mail\mail\1.4.4\mail-1.4.4.jar;C:\Users\A240327\.m2\repository\javax\jws\jsr181-api\1.0-MR1\jsr181-api-1.0-MR1.jar;C:\Users\A240327\.m2\repository\javax\inject\javax.inject\1\javax.inject-1.jar;"/>
    <property name="java.vm.vendor" value="Oracle Corporation"/>
    <property name="sun.arch.data.model" value="64"/>
    <property name="user.variant" value=""/>
    <property name="java.vendor.url" value="http://java.oracle.com/"/>
    <property name="user.timezone" value=""/>
    <property name="java.vm.specification.version" value="1.8"/>
    <property name="os.name" value="Windows 7"/>
    <property name="user.country" value="IN"/>
    <property name="sun.java.launcher" value="SUN_STANDARD"/>
    <property name="sun.boot.library.path" value="C:\Program Files\Java\jdk1.8.0_91\jre\bin"/>
    <property name="sun.java.command" value="C:\Users\A240327\AppData\Local\Temp\surefire5356763597956205025\surefirebooter2237198828030989394.jar C:\Users\A240327\AppData\Local\Temp\surefire5356763597956205025 2018-11-16T12-16-07_293-jvmRun1 surefire4978651754720366394tmp surefire_03628664468767164762tmp"/>
    <property name="surefire.test.class.path" value="C:\VOLVO\GMD &amp; GWYN\Practise\MAVEN\multi-module\my-app\my-jar-module\target\test-classes;C:\VOLVO\GMD &amp; GWYN\Practise\MAVEN\multi-module\my-app\my-jar-module\target\classes;C:\Users\A240327\.m2\repository\joda-time\joda-time\2.9.9\joda-time-2.9.9.jar;C:\Users\A240327\.m2\repository\junit\junit\4.0\junit-4.0.jar;C:\Users\A240327\.m2\repository\org\jboss\spec\javax\xml\bind\jboss-jaxb-api_2.2_spec\1.0.4.Final\jboss-jaxb-api_2.2_spec-1.0.4.Final.jar;C:\Users\A240327\.m2\repository\org\jboss\spec\javax\servlet\jboss-servlet-api_3.0_spec\1.0.2.Final\jboss-servlet-api_3.0_spec-1.0.2.Final.jar;C:\Users\A240327\.m2\repository\org\jboss\spec\javax\servlet\jsp\jboss-jsp-api_2.2_spec\1.0.1.Final\jboss-jsp-api_2.2_spec-1.0.1.Final.jar;C:\Users\A240327\.m2\repository\org\jboss\spec\javax\el\jboss-el-api_2.2_spec\1.0.1.Final\jboss-el-api_2.2_spec-1.0.1.Final.jar;C:\Users\A240327\.m2\repository\org\jboss\spec\javax\annotation\jboss-annotations-api_1.1_spec\1.0.1.Final\jboss-annotations-api_1.1_spec-1.0.1.Final.jar;C:\Users\A240327\.m2\repository\org\jboss\spec\javax\ejb\jboss-ejb-api_3.1_spec\1.0.2.Final\jboss-ejb-api_3.1_spec-1.0.2.Final.jar;C:\Users\A240327\.m2\repository\org\apache\geronimo\specs\geronimo-jpa_2.0_spec\1.0\geronimo-jpa_2.0_spec-1.0.jar;C:\Users\A240327\.m2\repository\org\jboss\spec\javax\transaction\jboss-transaction-api_1.1_spec\1.0.1.Final\jboss-transaction-api_1.1_spec-1.0.1.Final.jar;C:\Users\A240327\.m2\repository\org\jboss\spec\javax\jms\jboss-jms-api_1.1_spec\1.0.1.Final\jboss-jms-api_1.1_spec-1.0.1.Final.jar;C:\Users\A240327\.m2\repository\org\jboss\spec\javax\xml\rpc\jboss-jaxrpc-api_1.1_spec\1.0.1.Final\jboss-jaxrpc-api_1.1_spec-1.0.1.Final.jar;C:\Users\A240327\.m2\repository\javax\activation\activation\1.1.1\activation-1.1.1.jar;C:\Users\A240327\.m2\repository\javax\mail\mail\1.4.4\mail-1.4.4.jar;C:\Users\A240327\.m2\repository\javax\jws\jsr181-api\1.0-MR1\jsr181-api-1.0-MR1.jar;C:\Users\A240327\.m2\repository\javax\inject\javax.inject\1\javax.inject-1.jar;"/>
    <property name="sun.cpu.endian" value="little"/>
    <property name="user.home" value="C:\Users\A240327"/>
    <property name="user.language" value="en"/>
    <property name="java.specification.vendor" value="Oracle Corporation"/>
    <property name="java.home" value="C:\Program Files\Java\jdk1.8.0_91\jre"/>
    <property name="basedir" value="C:\VOLVO\GMD &amp; GWYN\Practise\MAVEN\multi-module\my-app\my-jar-module"/>
    <property name="file.separator" value="\"/>
    <property name="line.separator" value="&#10;"/>
    <property name="java.vm.specification.vendor" value="Oracle Corporation"/>
    <property name="java.specification.name" value="Java Platform API Specification"/>
    <property name="java.awt.graphicsenv" value="sun.awt.Win32GraphicsEnvironment"/>
    <property name="surefire.real.class.path" value="C:\Users\A240327\AppData\Local\Temp\surefire5356763597956205025\surefirebooter2237198828030989394.jar"/>
    <property name="sun.boot.class.path" value="C:\Program Files\Java\jdk1.8.0_91\jre\lib\resources.jar;C:\Program Files\Java\jdk1.8.0_91\jre\lib\rt.jar;C:\Program Files\Java\jdk1.8.0_91\jre\lib\sunrsasign.jar;C:\Program Files\Java\jdk1.8.0_91\jre\lib\jsse.jar;C:\Program Files\Java\jdk1.8.0_91\jre\lib\jce.jar;C:\Program Files\Java\jdk1.8.0_91\jre\lib\charsets.jar;C:\Program Files\Java\jdk1.8.0_91\jre\lib\jfr.jar;C:\Program Files\Java\jdk1.8.0_91\jre\classes"/>
    <property name="user.script" value=""/>
    <property name="sun.management.compiler" value="HotSpot 64-Bit Tiered Compilers"/>
    <property name="java.runtime.version" value="1.8.0_91-b15"/>
    <property name="user.name" value="a240327"/>
    <property name="path.separator" value=";"/>
    <property name="os.version" value="6.1"/>
    <property name="java.endorsed.dirs" value="C:\Program Files\Java\jdk1.8.0_91\jre\lib\endorsed"/>
    <property name="java.runtime.name" value="Java(TM) SE Runtime Environment"/>
    <property name="file.encoding" value="Cp1252"/>
    <property name="java.vm.name" value="Java HotSpot(TM) 64-Bit Server VM"/>
    <property name="localRepository" value="C:\Users\A240327\.m2\repository"/>
    <property name="java.vendor.url.bug" value="http://bugreport.sun.com/bugreport/"/>
    <property name="java.io.tmpdir" value="C:\Users\A240327\AppData\Local\Temp\"/>
    <property name="java.version" value="1.8.0_91"/>
    <property name="user.dir" value="C:\VOLVO\GMD &amp; GWYN\Practise\MAVEN\multi-module\my-app\my-jar-module"/>
    <property name="os.arch" value="amd64"/>
    <property name="java.vm.specification.name" value="Java Virtual Machine Specification"/>
    <property name="java.awt.printerjob" value="sun.awt.windows.WPrinterJob"/>
    <property name="sun.os.patch.level" value="Service Pack 1"/>
    <property name="java.library.path" value="C:\Program Files\Java\jdk1.8.0_91\jre\bin;C:\Windows\Sun\Java\bin;C:\Windows\system32;C:\Windows;C:\Program Files\Common Files\Microsoft Shared\Microsoft Online Services;C:\Program Files (x86)\Common Files\Microsoft Shared\Microsoft Online Services;C:\Program Files (x86)\Common Files\Oracle\Java\javapath;c:\Oracle\32bitClient\bin;C:\oracle\64bitclient\bin;C:\ProgramData\Oracle\Java\javapath;C:\Windows\system32;C:\Windows;C:\Windows\System32\Wbem;C:\Windows\System32\WindowsPowerShell\v1.0\;C:\Windows\System32\WindowsPowerShell\v1.0\;C:\Program Files\Microsoft Windows Performance Toolkit\;C:\Program Files\imc\shared;C:\Program Files (x86)\Windows Kits\8.1\Windows Performance Toolkit\;C:\Program Files\Microsoft SQL Server\110\Tools\Binn\;C:\Program Files (x86)\Microsoft SDKs\TypeScript\1.0\;C:\Program Files\Microsoft SQL Server\120\Tools\Binn\;C:\Windows\System32\WindowsPowerShell\v1.0\;C:\Program Files\nodejs\;C:\Program Files\Git\cmd;C:\Openshift;C:\Program Files (x86)\Yarn\bin\;C:\JavaDev\tools\jvs-support-tools-5.1.0;C:\JavaDev\tools\apache-maven-3.3.9\bin;C:\JavaDev\tools\jboss-eap-7.0\bin;C:\JavaDev\tools\apache-tomcat-7.0.65\bin;C:\JavaDev\tools\jvs-support-tools-5.1.0;C:\JavaDev\tools\apache-maven-3.3.9\bin;C:\JavaDev\tools\jboss-eap-7.0\bin;C:\JavaDev\tools\jvs-support-tools-5.1.0;C:\JavaDev\tools\apache-maven-3.3.9\bin;C:\JavaDev\tools\jboss-eap-7.0\bin;C:\Users\A240327\AppData\Roaming\npm;C:\JavaDev\tools\apache-maven-3.3.9\bin;C:\JavaDev\tools\jvs-support-tools-5.1.0;C:\JavaDev\tools\jboss-eap-7.0\bin;C:\JavaDev\tools\apache-maven-3.3.9\bin;C:\JavaDev\tools\jvs-support-tools-5.1.0;C:\JavaDev\tools\jboss-eap-7.0\bin;C:\Program Files\Docker Toolbox;C:\Users\A240327\AppData\Local\Programs\Microsoft VS Code\bin;C:\Users\A240327\AppData\Local\Yarn\bin;C:\Users\A240327\AppData\Local\GitHubDesktop\bin;."/>
    <property name="java.vm.info" value="mixed mode"/>
    <property name="java.vendor" value="Oracle Corporation"/>
    <property name="java.vm.version" value="25.91-b15"/>
    <property name="java.ext.dirs" value="C:\Program Files\Java\jdk1.8.0_91\jre\lib\ext;C:\Windows\Sun\Java\lib\ext"/>
    <property name="sun.io.unicode.encoding" value="UnicodeLittle"/>
    <property name="java.class.version" value="52.0"/>
  </properties>
  <testcase name="currentTime_now_isReturnedOnCorrectFormat" classname="com.mycompany.myapp.jarmodule.CoreTest" time="0.093"/>
  <testcase name="calculateAge_givenDates_correctAgeReturned" classname="com.mycompany.myapp.jarmodule.CoreTest" time="0.016"/>
</testsuite>